2024-07-19T09:27:22.261+02:00  12600 --- [progetto_quiz] [restartedMain] c.fedec.Prj21QuizCountriesApplication    : Starting Prj21QuizCountriesApplication using Java 17.0.7 with PID 12600 (W:\FSD_23-25\studente\ICTS23-25.484\Esercizi Java\Prj23_Countries\progetto_quiz\target\classes started by ICTS23-25.484 in W:\FSD_23-25\studente\ICTS23-25.484\Esercizi Java\Prj23_Countries\progetto_quiz)
2024-07-19T09:27:22.291+02:00  12600 --- [progetto_quiz] [restartedMain] c.fedec.Prj21QuizCountriesApplication    : No active profile set, falling back to 1 default profile: "default"
2024-07-19T09:27:22.421+02:00  12600 --- [progetto_quiz] [restartedMain] .e.DevToolsPropertyDefaultsPostProcessor : Devtools property defaults active! Set 'spring.devtools.add-properties' to 'false' to disable
2024-07-19T09:27:22.422+02:00  12600 --- [progetto_quiz] [restartedMain] .e.DevToolsPropertyDefaultsPostProcessor : For additional web related logging consider setting the 'logging.level.web' property to 'DEBUG'
2024-07-19T09:27:23.722+02:00  12600 --- [progetto_quiz] [restartedMain] .s.d.r.c.RepositoryConfigurationDelegate : Bootstrapping Spring Data JPA repositories in DEFAULT mode.
2024-07-19T09:27:23.824+02:00  12600 --- [progetto_quiz] [restartedMain] .s.d.r.c.RepositoryConfigurationDelegate : Finished Spring Data repository scanning in 83 ms. Found 2 JPA repository interfaces.
2024-07-19T09:27:25.343+02:00  12600 --- [progetto_quiz] [restartedMain] o.s.b.w.embedded.tomcat.TomcatWebServer  : Tomcat initialized with port 9092 (http)
2024-07-19T09:27:25.364+02:00  12600 --- [progetto_quiz] [restartedMain] o.apache.catalina.core.StandardService   : Starting service [Tomcat]
2024-07-19T09:27:25.366+02:00  12600 --- [progetto_quiz] [restartedMain] o.apache.catalina.core.StandardEngine    : Starting Servlet engine: [Apache Tomcat/10.1.24]
2024-07-19T09:27:25.468+02:00  12600 --- [progetto_quiz] [restartedMain] o.a.c.c.C.[Tomcat].[localhost].[/]       : Initializing Spring embedded WebApplicationContext
2024-07-19T09:27:25.469+02:00  12600 --- [progetto_quiz] [restartedMain] w.s.c.ServletWebServerApplicationContext : Root WebApplicationContext: initialization completed in 3045 ms
2024-07-19T09:27:25.514+02:00  12600 --- [progetto_quiz] [restartedMain] com.zaxxer.hikari.HikariDataSource       : HikariPool-1 - Starting...
2024-07-19T09:27:26.042+02:00  12600 --- [progetto_quiz] [restartedMain] com.zaxxer.hikari.pool.HikariPool        : HikariPool-1 - Added connection conn0: url=jdbc:h2:file:./data/fileDb user=FEDEC
2024-07-19T09:27:26.047+02:00  12600 --- [progetto_quiz] [restartedMain] com.zaxxer.hikari.HikariDataSource       : HikariPool-1 - Start completed.
2024-07-19T09:27:26.063+02:00  12600 --- [progetto_quiz] [restartedMain] o.s.b.a.h2.H2ConsoleAutoConfiguration    : H2 console available at '/h2'. Database available at 'jdbc:h2:file:./data/fileDb'
2024-07-19T09:27:26.645+02:00  12600 --- [progetto_quiz] [restartedMain] o.hibernate.jpa.internal.util.LogHelper  : HHH000204: Processing PersistenceUnitInfo [name: default]
2024-07-19T09:27:26.835+02:00  12600 --- [progetto_quiz] [restartedMain] org.hibernate.Version                    : HHH000412: Hibernate ORM core version 6.5.2.Final
2024-07-19T09:27:26.918+02:00  12600 --- [progetto_quiz] [restartedMain] o.h.c.internal.RegionFactoryInitiator    : HHH000026: Second-level cache disabled
2024-07-19T09:27:27.695+02:00  12600 --- [progetto_quiz] [restartedMain] o.s.o.j.p.SpringPersistenceUnitInfo      : No LoadTimeWeaver setup: ignoring JPA class transformer
2024-07-19T09:27:27.808+02:00  12600 --- [progetto_quiz] [restartedMain] org.hibernate.orm.deprecation            : HHH90000025: H2Dialect does not need to be specified explicitly using 'hibernate.dialect' (remove the property setting and it will be selected by default)
2024-07-19T09:27:29.560+02:00  12600 --- [progetto_quiz] [restartedMain] o.h.e.t.j.p.i.JtaPlatformInitiator       : HHH000489: No JTA platform available (set 'hibernate.transaction.jta.platform' to enable JTA platform integration)
2024-07-19T09:27:29.568+02:00  12600 --- [progetto_quiz] [restartedMain] j.LocalContainerEntityManagerFactoryBean : Initialized JPA EntityManagerFactory for persistence unit 'default'
2024-07-19T09:27:30.225+02:00  12600 --- [progetto_quiz] [restartedMain] JpaBaseConfiguration$JpaWebConfiguration : spring.jpa.open-in-view is enabled by default. Therefore, database queries may be performed during view rendering. Explicitly configure spring.jpa.open-in-view to disable this warning
2024-07-19T09:27:30.264+02:00  12600 --- [progetto_quiz] [restartedMain] o.s.b.a.w.s.WelcomePageHandlerMapping    : Adding welcome page: class path resource [static/index.html]
2024-07-19T09:27:30.760+02:00  12600 --- [progetto_quiz] [restartedMain] ion$DefaultTemplateResolverConfiguration : Cannot find template location: classpath:/templates/ (please add some templates, check your Thymeleaf configuration, or set spring.thymeleaf.check-template-location=false)
2024-07-19T09:27:31.447+02:00  12600 --- [progetto_quiz] [restartedMain] o.s.b.d.a.OptionalLiveReloadServer       : LiveReload server is running on port 35729
2024-07-19T09:27:31.501+02:00  12600 --- [progetto_quiz] [restartedMain] o.s.b.w.embedded.tomcat.TomcatWebServer  : Tomcat started on port 9092 (http) with context path '/'
2024-07-19T09:27:31.513+02:00  12600 --- [progetto_quiz] [restartedMain] c.fedec.Prj21QuizCountriesApplication    : Started Prj21QuizCountriesApplication in 10.181 seconds (process running for 11.197)
2024-07-19T09:27:53.205+02:00  12600 --- [progetto_quiz] [http-nio-9092-exec-1] o.a.c.c.C.[Tomcat].[localhost].[/]       : Initializing Spring DispatcherServlet 'dispatcherServlet'
2024-07-19T09:27:53.205+02:00  12600 --- [progetto_quiz] [http-nio-9092-exec-1] o.s.web.servlet.DispatcherServlet        : Initializing Servlet 'dispatcherServlet'
2024-07-19T09:27:53.207+02:00  12600 --- [progetto_quiz] [http-nio-9092-exec-1] o.s.web.servlet.DispatcherServlet        : Completed initialization in 1 ms
2024-07-19T09:52:04.414+02:00  12600 --- [progetto_quiz] [File Watcher] rtingClassPathChangeChangedEventListener : Restarting due to 807 class path changes (0 additions, 807 deletions, 0 modifications)
2024-07-19T09:52:04.444+02:00  12600 --- [progetto_quiz] [Thread-7] j.LocalContainerEntityManagerFactoryBean : Closing JPA EntityManagerFactory for persistence unit 'default'
2024-07-19T09:52:04.450+02:00  12600 --- [progetto_quiz] [Thread-7] com.zaxxer.hikari.HikariDataSource       : HikariPool-1 - Shutdown initiated...
2024-07-19T09:52:04.468+02:00  12600 --- [progetto_quiz] [Thread-7] com.zaxxer.hikari.HikariDataSource       : HikariPool-1 - Shutdown completed.
2024-07-19T09:53:11.520+02:00  12600 --- [progetto_quiz] [restartedMain] c.fedec.Prj21QuizCountriesApplication    : Starting Prj21QuizCountriesApplication using Java 17.0.7 with PID 12600 (W:\FSD_23-25\studente\ICTS23-25.484\Esercizi Java\Prj23_Countries\progetto_quiz\target\classes started by ICTS23-25.484 in W:\FSD_23-25\studente\ICTS23-25.484\Esercizi Java\Prj23_Countries\progetto_quiz)
2024-07-19T09:53:11.521+02:00  12600 --- [progetto_quiz] [restartedMain] c.fedec.Prj21QuizCountriesApplication    : No active profile set, falling back to 1 default profile: "default"
2024-07-19T09:53:12.050+02:00  12600 --- [progetto_quiz] [restartedMain] .s.d.r.c.RepositoryConfigurationDelegate : Bootstrapping Spring Data JPA repositories in DEFAULT mode.
2024-07-19T09:53:12.074+02:00  12600 --- [progetto_quiz] [restartedMain] .s.d.r.c.RepositoryConfigurationDelegate : Finished Spring Data repository scanning in 23 ms. Found 2 JPA repository interfaces.
2024-07-19T09:53:12.339+02:00  12600 --- [progetto_quiz] [restartedMain] o.s.b.w.embedded.tomcat.TomcatWebServer  : Tomcat initialized with port 9092 (http)
2024-07-19T09:53:12.341+02:00  12600 --- [progetto_quiz] [restartedMain] o.apache.catalina.core.StandardService   : Starting service [Tomcat]
2024-07-19T09:53:12.341+02:00  12600 --- [progetto_quiz] [restartedMain] o.apache.catalina.core.StandardEngine    : Starting Servlet engine: [Apache Tomcat/10.1.24]
2024-07-19T09:53:12.365+02:00  12600 --- [progetto_quiz] [restartedMain] o.a.c.c.C.[Tomcat].[localhost].[/]       : Initializing Spring embedded WebApplicationContext
2024-07-19T09:53:12.366+02:00  12600 --- [progetto_quiz] [restartedMain] w.s.c.ServletWebServerApplicationContext : Root WebApplicationContext: initialization completed in 840 ms
2024-07-19T09:53:12.381+02:00  12600 --- [progetto_quiz] [restartedMain] com.zaxxer.hikari.HikariDataSource       : HikariPool-3 - Starting...
2024-07-19T09:53:12.423+02:00  12600 --- [progetto_quiz] [restartedMain] com.zaxxer.hikari.pool.HikariPool        : HikariPool-3 - Added connection conn20: url=jdbc:h2:file:./data/fileDb user=FEDEC
2024-07-19T09:53:12.424+02:00  12600 --- [progetto_quiz] [restartedMain] com.zaxxer.hikari.HikariDataSource       : HikariPool-3 - Start completed.
2024-07-19T09:53:12.425+02:00  12600 --- [progetto_quiz] [restartedMain] o.s.b.a.h2.H2ConsoleAutoConfiguration    : H2 console available at '/h2'. Database available at 'jdbc:h2:file:./data/fileDb'
2024-07-19T09:53:12.507+02:00  12600 --- [progetto_quiz] [restartedMain] o.hibernate.jpa.internal.util.LogHelper  : HHH000204: Processing PersistenceUnitInfo [name: default]
2024-07-19T09:53:12.522+02:00  12600 --- [progetto_quiz] [restartedMain] o.h.c.internal.RegionFactoryInitiator    : HHH000026: Second-level cache disabled
2024-07-19T09:53:12.553+02:00  12600 --- [progetto_quiz] [restartedMain] o.s.o.j.p.SpringPersistenceUnitInfo      : No LoadTimeWeaver setup: ignoring JPA class transformer
2024-07-19T09:53:12.557+02:00  12600 --- [progetto_quiz] [restartedMain] org.hibernate.orm.deprecation            : HHH90000025: H2Dialect does not need to be specified explicitly using 'hibernate.dialect' (remove the property setting and it will be selected by default)
2024-07-19T09:53:12.653+02:00  12600 --- [progetto_quiz] [restartedMain] o.h.e.t.j.p.i.JtaPlatformInitiator       : HHH000489: No JTA platform available (set 'hibernate.transaction.jta.platform' to enable JTA platform integration)
2024-07-19T09:53:12.654+02:00  12600 --- [progetto_quiz] [restartedMain] j.LocalContainerEntityManagerFactoryBean : Initialized JPA EntityManagerFactory for persistence unit 'default'
2024-07-19T09:53:12.814+02:00  12600 --- [progetto_quiz] [restartedMain] JpaBaseConfiguration$JpaWebConfiguration : spring.jpa.open-in-view is enabled by default. Therefore, database queries may be performed during view rendering. Explicitly configure spring.jpa.open-in-view to disable this warning
2024-07-19T09:53:12.824+02:00  12600 --- [progetto_quiz] [restartedMain] o.s.b.a.w.s.WelcomePageHandlerMapping    : Adding welcome page: class path resource [static/index.html]
2024-07-19T09:53:12.904+02:00  12600 --- [progetto_quiz] [restartedMain] ion$DefaultTemplateResolverConfiguration : Cannot find template location: classpath:/templates/ (please add some templates, check your Thymeleaf configuration, or set spring.thymeleaf.check-template-location=false)
2024-07-19T09:53:12.943+02:00  12600 --- [progetto_quiz] [restartedMain] o.s.b.d.a.OptionalLiveReloadServer       : LiveReload server is running on port 35729
2024-07-19T09:53:12.961+02:00  12600 --- [progetto_quiz] [restartedMain] o.s.b.w.embedded.tomcat.TomcatWebServer  : Tomcat started on port 9092 (http) with context path '/'
2024-07-19T09:53:12.966+02:00  12600 --- [progetto_quiz] [restartedMain] c.fedec.Prj21QuizCountriesApplication    : Started Prj21QuizCountriesApplication in 1.499 seconds (process running for 1552.657)
2024-07-19T09:53:13.497+02:00  12600 --- [progetto_quiz] [restartedMain] .ConditionEvaluationDeltaLoggingListener : Condition evaluation unchanged
2024-07-19T09:53:17.061+02:00  22756 --- [progetto_quiz] [restartedMain] c.fedec.Prj21QuizCountriesApplication    : Starting Prj21QuizCountriesApplication using Java 17.0.7 with PID 22756 (W:\FSD_23-25\studente\ICTS23-25.484\Esercizi Java\Prj23_Countries\progetto_quiz\target\classes started by ICTS23-25.484 in W:\FSD_23-25\studente\ICTS23-25.484\Esercizi Java\Prj23_Countries\progetto_quiz)
2024-07-19T09:53:17.066+02:00  22756 --- [progetto_quiz] [restartedMain] c.fedec.Prj21QuizCountriesApplication    : No active profile set, falling back to 1 default profile: "default"
2024-07-19T09:53:17.156+02:00  22756 --- [progetto_quiz] [restartedMain] .e.DevToolsPropertyDefaultsPostProcessor : Devtools property defaults active! Set 'spring.devtools.add-properties' to 'false' to disable
2024-07-19T09:53:17.158+02:00  22756 --- [progetto_quiz] [restartedMain] .e.DevToolsPropertyDefaultsPostProcessor : For additional web related logging consider setting the 'logging.level.web' property to 'DEBUG'
2024-07-19T09:53:18.289+02:00  22756 --- [progetto_quiz] [restartedMain] .s.d.r.c.RepositoryConfigurationDelegate : Bootstrapping Spring Data JPA repositories in DEFAULT mode.
2024-07-19T09:53:18.401+02:00  22756 --- [progetto_quiz] [restartedMain] .s.d.r.c.RepositoryConfigurationDelegate : Finished Spring Data repository scanning in 91 ms. Found 2 JPA repository interfaces.
2024-07-19T09:53:19.835+02:00  22756 --- [progetto_quiz] [restartedMain] o.s.b.w.embedded.tomcat.TomcatWebServer  : Tomcat initialized with port 9092 (http)
2024-07-19T09:53:19.861+02:00  22756 --- [progetto_quiz] [restartedMain] o.apache.catalina.core.StandardService   : Starting service [Tomcat]
2024-07-19T09:53:19.862+02:00  22756 --- [progetto_quiz] [restartedMain] o.apache.catalina.core.StandardEngine    : Starting Servlet engine: [Apache Tomcat/10.1.24]
2024-07-19T09:53:19.958+02:00  22756 --- [progetto_quiz] [restartedMain] o.a.c.c.C.[Tomcat].[localhost].[/]       : Initializing Spring embedded WebApplicationContext
2024-07-19T09:53:19.960+02:00  22756 --- [progetto_quiz] [restartedMain] w.s.c.ServletWebServerApplicationContext : Root WebApplicationContext: initialization completed in 2802 ms
2024-07-19T09:53:20.012+02:00  22756 --- [progetto_quiz] [restartedMain] com.zaxxer.hikari.HikariDataSource       : HikariPool-1 - Starting...
2024-07-19T09:53:21.464+02:00  22756 --- [progetto_quiz] [restartedMain] com.zaxxer.hikari.HikariDataSource       : HikariPool-1 - Starting...
2024-07-19T09:53:22.737+02:00  22756 --- [progetto_quiz] [restartedMain] ConfigServletWebServerApplicationContext : Exception encountered during context initialization - cancelling refresh attempt: org.springframework.beans.factory.BeanCreationException: Error creating bean with name 'entityManagerFactory' defined in class path resource [org/springframework/boot/autoconfigure/orm/jpa/HibernateJpaConfiguration.class]: Failed to initialize dependency 'dataSourceScriptDatabaseInitializer' of LoadTimeWeaverAware bean 'entityManagerFactory': Error creating bean with name 'dataSourceScriptDatabaseInitializer' defined in class path resource [org/springframework/boot/autoconfigure/sql/init/DataSourceInitializationConfiguration.class]: Failed to execute database script
2024-07-19T09:53:22.744+02:00  22756 --- [progetto_quiz] [restartedMain] o.apache.catalina.core.StandardService   : Stopping service [Tomcat]
2024-07-19T09:53:22.772+02:00  22756 --- [progetto_quiz] [restartedMain] .s.b.a.l.ConditionEvaluationReportLogger : 

Error starting ApplicationContext. To display the condition evaluation report re-run your application with 'debug' enabled.
2024-07-19T09:53:22.844+02:00  22756 --- [progetto_quiz] [restartedMain] o.s.boot.SpringApplication               : Application run failed

org.springframework.beans.factory.BeanCreationException: Error creating bean with name 'entityManagerFactory' defined in class path resource [org/springframework/boot/autoconfigure/orm/jpa/HibernateJpaConfiguration.class]: Failed to initialize dependency 'dataSourceScriptDatabaseInitializer' of LoadTimeWeaverAware bean 'entityManagerFactory': Error creating bean with name 'dataSourceScriptDatabaseInitializer' defined in class path resource [org/springframework/boot/autoconfigure/sql/init/DataSourceInitializationConfiguration.class]: Failed to execute database script
	at org.springframework.beans.factory.support.AbstractBeanFactory.doGetBean(AbstractBeanFactory.java:326) ~[spring-beans-6.1.8.jar:6.1.8]
	at org.springframework.beans.factory.support.AbstractBeanFactory.getBean(AbstractBeanFactory.java:205) ~[spring-beans-6.1.8.jar:6.1.8]
	at org.springframework.context.support.AbstractApplicationContext.finishBeanFactoryInitialization(AbstractApplicationContext.java:952) ~[spring-context-6.1.8.jar:6.1.8]
	at org.springframework.context.support.AbstractApplicationContext.refresh(AbstractApplicationContext.java:624) ~[spring-context-6.1.8.jar:6.1.8]
	at org.springframework.boot.web.servlet.context.ServletWebServerApplicationContext.refresh(ServletWebServerApplicationContext.java:146) ~[spring-boot-3.3.0.jar:3.3.0]
	at org.springframework.boot.SpringApplication.refresh(SpringApplication.java:754) ~[spring-boot-3.3.0.jar:3.3.0]
	at org.springframework.boot.SpringApplication.refreshContext(SpringApplication.java:456) ~[spring-boot-3.3.0.jar:3.3.0]
	at org.springframework.boot.SpringApplication.run(SpringApplication.java:335) ~[spring-boot-3.3.0.jar:3.3.0]
	at org.springframework.boot.SpringApplication.run(SpringApplication.java:1363) ~[spring-boot-3.3.0.jar:3.3.0]
	at org.springframework.boot.SpringApplication.run(SpringApplication.java:1352) ~[spring-boot-3.3.0.jar:3.3.0]
	at com.fedec.Prj21QuizCountriesApplication.main(Prj21QuizCountriesApplication.java:10) ~[classes/:na]
	at java.base/jdk.internal.reflect.NativeMethodAccessorImpl.invoke0(Native Method) ~[na:na]
	at java.base/jdk.internal.reflect.NativeMethodAccessorImpl.invoke(NativeMethodAccessorImpl.java:77) ~[na:na]
	at java.base/jdk.internal.reflect.DelegatingMethodAccessorImpl.invoke(DelegatingMethodAccessorImpl.java:43) ~[na:na]
	at java.base/java.lang.reflect.Method.invoke(Method.java:568) ~[na:na]
	at org.springframework.boot.devtools.restart.RestartLauncher.run(RestartLauncher.java:50) ~[spring-boot-devtools-3.3.0.jar:3.3.0]
Caused by: org.springframework.beans.factory.BeanCreationException: Error creating bean with name 'dataSourceScriptDatabaseInitializer' defined in class path resource [org/springframework/boot/autoconfigure/sql/init/DataSourceInitializationConfiguration.class]: Failed to execute database script
	at org.springframework.beans.factory.support.AbstractAutowireCapableBeanFactory.initializeBean(AbstractAutowireCapableBeanFactory.java:1788) ~[spring-beans-6.1.8.jar:6.1.8]
	at org.springframework.beans.factory.support.AbstractAutowireCapableBeanFactory.doCreateBean(AbstractAutowireCapableBeanFactory.java:600) ~[spring-beans-6.1.8.jar:6.1.8]
	at org.springframework.beans.factory.support.AbstractAutowireCapableBeanFactory.createBean(AbstractAutowireCapableBeanFactory.java:522) ~[spring-beans-6.1.8.jar:6.1.8]
	at org.springframework.beans.factory.support.AbstractBeanFactory.lambda$doGetBean$0(AbstractBeanFactory.java:337) ~[spring-beans-6.1.8.jar:6.1.8]
	at org.springframework.beans.factory.support.DefaultSingletonBeanRegistry.getSingleton(DefaultSingletonBeanRegistry.java:234) ~[spring-beans-6.1.8.jar:6.1.8]
	at org.springframework.beans.factory.support.AbstractBeanFactory.doGetBean(AbstractBeanFactory.java:335) ~[spring-beans-6.1.8.jar:6.1.8]
	at org.springframework.beans.factory.support.AbstractBeanFactory.getBean(AbstractBeanFactory.java:200) ~[spring-beans-6.1.8.jar:6.1.8]
	at org.springframework.beans.factory.support.AbstractBeanFactory.doGetBean(AbstractBeanFactory.java:313) ~[spring-beans-6.1.8.jar:6.1.8]
	... 15 common frames omitted
Caused by: org.springframework.jdbc.datasource.init.UncategorizedScriptException: Failed to execute database script
	at org.springframework.jdbc.datasource.init.DatabasePopulatorUtils.execute(DatabasePopulatorUtils.java:67) ~[spring-jdbc-6.1.8.jar:6.1.8]
	at org.springframework.boot.jdbc.init.DataSourceScriptDatabaseInitializer.runScripts(DataSourceScriptDatabaseInitializer.java:87) ~[spring-boot-3.3.0.jar:3.3.0]
	at org.springframework.boot.sql.init.AbstractScriptDatabaseInitializer.runScripts(AbstractScriptDatabaseInitializer.java:146) ~[spring-boot-3.3.0.jar:3.3.0]
	at org.springframework.boot.sql.init.AbstractScriptDatabaseInitializer.applyScripts(AbstractScriptDatabaseInitializer.java:108) ~[spring-boot-3.3.0.jar:3.3.0]
	at org.springframework.boot.sql.init.AbstractScriptDatabaseInitializer.applySchemaScripts(AbstractScriptDatabaseInitializer.java:98) ~[spring-boot-3.3.0.jar:3.3.0]
	at org.springframework.boot.sql.init.AbstractScriptDatabaseInitializer.initializeDatabase(AbstractScriptDatabaseInitializer.java:76) ~[spring-boot-3.3.0.jar:3.3.0]
	at org.springframework.boot.sql.init.AbstractScriptDatabaseInitializer.afterPropertiesSet(AbstractScriptDatabaseInitializer.java:66) ~[spring-boot-3.3.0.jar:3.3.0]
	at org.springframework.beans.factory.support.AbstractAutowireCapableBeanFactory.invokeInitMethods(AbstractAutowireCapableBeanFactory.java:1835) ~[spring-beans-6.1.8.jar:6.1.8]
	at org.springframework.beans.factory.support.AbstractAutowireCapableBeanFactory.initializeBean(AbstractAutowireCapableBeanFactory.java:1784) ~[spring-beans-6.1.8.jar:6.1.8]
	... 22 common frames omitted
Caused by: org.springframework.jdbc.CannotGetJdbcConnectionException: Failed to obtain JDBC Connection
	at org.springframework.jdbc.datasource.DataSourceUtils.getConnection(DataSourceUtils.java:84) ~[spring-jdbc-6.1.8.jar:6.1.8]
	at org.springframework.jdbc.datasource.init.DatabasePopulatorUtils.execute(DatabasePopulatorUtils.java:52) ~[spring-jdbc-6.1.8.jar:6.1.8]
	... 30 common frames omitted
Caused by: org.h2.jdbc.JdbcSQLNonTransientConnectionException: Database may be already in use: "W:/FSD_23-25/studente/ICTS23-25.484/Esercizi Java/Prj23_Countries/progetto_quiz/data/fileDb.mv.db". Possible solutions: close all other connection(s); use the server mode [90020-224]
	at org.h2.message.DbException.getJdbcSQLException(DbException.java:690) ~[h2-2.2.224.jar:2.2.224]
	at org.h2.message.DbException.getJdbcSQLException(DbException.java:489) ~[h2-2.2.224.jar:2.2.224]
	at org.h2.message.DbException.get(DbException.java:212) ~[h2-2.2.224.jar:2.2.224]
	at org.h2.mvstore.db.Store.convertMVStoreException(Store.java:165) ~[h2-2.2.224.jar:2.2.224]
	at org.h2.mvstore.db.Store.<init>(Store.java:142) ~[h2-2.2.224.jar:2.2.224]
	at org.h2.engine.Database.<init>(Database.java:326) ~[h2-2.2.224.jar:2.2.224]
	at org.h2.engine.Engine.openSession(Engine.java:92) ~[h2-2.2.224.jar:2.2.224]
	at org.h2.engine.Engine.openSession(Engine.java:222) ~[h2-2.2.224.jar:2.2.224]
	at org.h2.engine.Engine.createSession(Engine.java:201) ~[h2-2.2.224.jar:2.2.224]
	at org.h2.engine.SessionRemote.connectEmbeddedOrServer(SessionRemote.java:343) ~[h2-2.2.224.jar:2.2.224]
	at org.h2.jdbc.JdbcConnection.<init>(JdbcConnection.java:125) ~[h2-2.2.224.jar:2.2.224]
	at org.h2.Driver.connect(Driver.java:59) ~[h2-2.2.224.jar:2.2.224]
	at com.zaxxer.hikari.util.DriverDataSource.getConnection(DriverDataSource.java:137) ~[HikariCP-5.1.0.jar:na]
	at com.zaxxer.hikari.pool.PoolBase.newConnection(PoolBase.java:360) ~[HikariCP-5.1.0.jar:na]
	at com.zaxxer.hikari.pool.PoolBase.newPoolEntry(PoolBase.java:202) ~[HikariCP-5.1.0.jar:na]
	at com.zaxxer.hikari.pool.HikariPool.createPoolEntry(HikariPool.java:461) ~[HikariCP-5.1.0.jar:na]
	at com.zaxxer.hikari.pool.HikariPool.checkFailFast(HikariPool.java:550) ~[HikariCP-5.1.0.jar:na]
	at com.zaxxer.hikari.pool.HikariPool.<init>(HikariPool.java:98) ~[HikariCP-5.1.0.jar:na]
	at com.zaxxer.hikari.HikariDataSource.getConnection(HikariDataSource.java:111) ~[HikariCP-5.1.0.jar:na]
	at org.springframework.jdbc.datasource.DataSourceUtils.fetchConnection(DataSourceUtils.java:160) ~[spring-jdbc-6.1.8.jar:6.1.8]
	at org.springframework.jdbc.datasource.DataSourceUtils.doGetConnection(DataSourceUtils.java:118) ~[spring-jdbc-6.1.8.jar:6.1.8]
	at org.springframework.jdbc.datasource.DataSourceUtils.getConnection(DataSourceUtils.java:81) ~[spring-jdbc-6.1.8.jar:6.1.8]
	... 31 common frames omitted
Caused by: org.h2.mvstore.MVStoreException: The file is locked: W:/FSD_23-25/studente/ICTS23-25.484/Esercizi Java/Prj23_Countries/progetto_quiz/data/fileDb.mv.db [2.2.224/7]
	at org.h2.mvstore.DataUtils.newMVStoreException(DataUtils.java:996) ~[h2-2.2.224.jar:2.2.224]
	at org.h2.mvstore.SingleFileStore.lockFileChannel(SingleFileStore.java:143) ~[h2-2.2.224.jar:2.2.224]
	at org.h2.mvstore.SingleFileStore.open(SingleFileStore.java:117) ~[h2-2.2.224.jar:2.2.224]
	at org.h2.mvstore.SingleFileStore.open(SingleFileStore.java:81) ~[h2-2.2.224.jar:2.2.224]
	at org.h2.mvstore.MVStore.<init>(MVStore.java:286) ~[h2-2.2.224.jar:2.2.224]
	at org.h2.mvstore.MVStore$Builder.open(MVStore.java:2035) ~[h2-2.2.224.jar:2.2.224]
	at org.h2.mvstore.db.Store.<init>(Store.java:133) ~[h2-2.2.224.jar:2.2.224]
	... 48 common frames omitted

2024-07-19T09:55:02.254+02:00  6104 --- [progetto_quiz] [restartedMain] c.fedec.Prj21QuizCountriesApplication    : Starting Prj21QuizCountriesApplication using Java 17.0.7 with PID 6104 (W:\FSD_23-25\studente\ICTS23-25.484\Esercizi Java\Prj23_Countries\progetto_quiz\target\classes started by ICTS23-25.484 in W:\FSD_23-25\studente\ICTS23-25.484\Esercizi Java\Prj23_Countries\progetto_quiz)
2024-07-19T09:55:02.259+02:00  6104 --- [progetto_quiz] [restartedMain] c.fedec.Prj21QuizCountriesApplication    : No active profile set, falling back to 1 default profile: "default"
2024-07-19T09:55:02.351+02:00  6104 --- [progetto_quiz] [restartedMain] .e.DevToolsPropertyDefaultsPostProcessor : Devtools property defaults active! Set 'spring.devtools.add-properties' to 'false' to disable
2024-07-19T09:55:02.352+02:00  6104 --- [progetto_quiz] [restartedMain] .e.DevToolsPropertyDefaultsPostProcessor : For additional web related logging consider setting the 'logging.level.web' property to 'DEBUG'
2024-07-19T09:55:03.404+02:00  6104 --- [progetto_quiz] [restartedMain] .s.d.r.c.RepositoryConfigurationDelegate : Bootstrapping Spring Data JPA repositories in DEFAULT mode.
2024-07-19T09:55:03.498+02:00  6104 --- [progetto_quiz] [restartedMain] .s.d.r.c.RepositoryConfigurationDelegate : Finished Spring Data repository scanning in 79 ms. Found 2 JPA repository interfaces.
2024-07-19T09:55:04.829+02:00  6104 --- [progetto_quiz] [restartedMain] o.s.b.w.embedded.tomcat.TomcatWebServer  : Tomcat initialized with port 9092 (http)
2024-07-19T09:55:04.852+02:00  6104 --- [progetto_quiz] [restartedMain] o.apache.catalina.core.StandardService   : Starting service [Tomcat]
2024-07-19T09:55:04.853+02:00  6104 --- [progetto_quiz] [restartedMain] o.apache.catalina.core.StandardEngine    : Starting Servlet engine: [Apache Tomcat/10.1.24]
2024-07-19T09:55:04.942+02:00  6104 --- [progetto_quiz] [restartedMain] o.a.c.c.C.[Tomcat].[localhost].[/]       : Initializing Spring embedded WebApplicationContext
2024-07-19T09:55:04.943+02:00  6104 --- [progetto_quiz] [restartedMain] w.s.c.ServletWebServerApplicationContext : Root WebApplicationContext: initialization completed in 2589 ms
2024-07-19T09:55:04.993+02:00  6104 --- [progetto_quiz] [restartedMain] com.zaxxer.hikari.HikariDataSource       : HikariPool-1 - Starting...
2024-07-19T09:55:10.985+02:00  6104 --- [progetto_quiz] [restartedMain] com.zaxxer.hikari.HikariDataSource       : HikariPool-1 - Starting...
2024-07-19T09:55:12.073+02:00  6104 --- [progetto_quiz] [restartedMain] ConfigServletWebServerApplicationContext : Exception encountered during context initialization - cancelling refresh attempt: org.springframework.beans.factory.BeanCreationException: Error creating bean with name 'entityManagerFactory' defined in class path resource [org/springframework/boot/autoconfigure/orm/jpa/HibernateJpaConfiguration.class]: Failed to initialize dependency 'dataSourceScriptDatabaseInitializer' of LoadTimeWeaverAware bean 'entityManagerFactory': Error creating bean with name 'dataSourceScriptDatabaseInitializer' defined in class path resource [org/springframework/boot/autoconfigure/sql/init/DataSourceInitializationConfiguration.class]: Failed to execute database script
2024-07-19T09:55:12.079+02:00  6104 --- [progetto_quiz] [restartedMain] o.apache.catalina.core.StandardService   : Stopping service [Tomcat]
2024-07-19T09:55:12.102+02:00  6104 --- [progetto_quiz] [restartedMain] .s.b.a.l.ConditionEvaluationReportLogger : 

Error starting ApplicationContext. To display the condition evaluation report re-run your application with 'debug' enabled.
2024-07-19T09:55:12.154+02:00  6104 --- [progetto_quiz] [restartedMain] o.s.boot.SpringApplication               : Application run failed

org.springframework.beans.factory.BeanCreationException: Error creating bean with name 'entityManagerFactory' defined in class path resource [org/springframework/boot/autoconfigure/orm/jpa/HibernateJpaConfiguration.class]: Failed to initialize dependency 'dataSourceScriptDatabaseInitializer' of LoadTimeWeaverAware bean 'entityManagerFactory': Error creating bean with name 'dataSourceScriptDatabaseInitializer' defined in class path resource [org/springframework/boot/autoconfigure/sql/init/DataSourceInitializationConfiguration.class]: Failed to execute database script
	at org.springframework.beans.factory.support.AbstractBeanFactory.doGetBean(AbstractBeanFactory.java:326) ~[spring-beans-6.1.8.jar:6.1.8]
	at org.springframework.beans.factory.support.AbstractBeanFactory.getBean(AbstractBeanFactory.java:205) ~[spring-beans-6.1.8.jar:6.1.8]
	at org.springframework.context.support.AbstractApplicationContext.finishBeanFactoryInitialization(AbstractApplicationContext.java:952) ~[spring-context-6.1.8.jar:6.1.8]
	at org.springframework.context.support.AbstractApplicationContext.refresh(AbstractApplicationContext.java:624) ~[spring-context-6.1.8.jar:6.1.8]
	at org.springframework.boot.web.servlet.context.ServletWebServerApplicationContext.refresh(ServletWebServerApplicationContext.java:146) ~[spring-boot-3.3.0.jar:3.3.0]
	at org.springframework.boot.SpringApplication.refresh(SpringApplication.java:754) ~[spring-boot-3.3.0.jar:3.3.0]
	at org.springframework.boot.SpringApplication.refreshContext(SpringApplication.java:456) ~[spring-boot-3.3.0.jar:3.3.0]
	at org.springframework.boot.SpringApplication.run(SpringApplication.java:335) ~[spring-boot-3.3.0.jar:3.3.0]
	at org.springframework.boot.SpringApplication.run(SpringApplication.java:1363) ~[spring-boot-3.3.0.jar:3.3.0]
	at org.springframework.boot.SpringApplication.run(SpringApplication.java:1352) ~[spring-boot-3.3.0.jar:3.3.0]
	at com.fedec.Prj21QuizCountriesApplication.main(Prj21QuizCountriesApplication.java:10) ~[classes/:na]
	at java.base/jdk.internal.reflect.NativeMethodAccessorImpl.invoke0(Native Method) ~[na:na]
	at java.base/jdk.internal.reflect.NativeMethodAccessorImpl.invoke(NativeMethodAccessorImpl.java:77) ~[na:na]
	at java.base/jdk.internal.reflect.DelegatingMethodAccessorImpl.invoke(DelegatingMethodAccessorImpl.java:43) ~[na:na]
	at java.base/java.lang.reflect.Method.invoke(Method.java:568) ~[na:na]
	at org.springframework.boot.devtools.restart.RestartLauncher.run(RestartLauncher.java:50) ~[spring-boot-devtools-3.3.0.jar:3.3.0]
Caused by: org.springframework.beans.factory.BeanCreationException: Error creating bean with name 'dataSourceScriptDatabaseInitializer' defined in class path resource [org/springframework/boot/autoconfigure/sql/init/DataSourceInitializationConfiguration.class]: Failed to execute database script
	at org.springframework.beans.factory.support.AbstractAutowireCapableBeanFactory.initializeBean(AbstractAutowireCapableBeanFactory.java:1788) ~[spring-beans-6.1.8.jar:6.1.8]
	at org.springframework.beans.factory.support.AbstractAutowireCapableBeanFactory.doCreateBean(AbstractAutowireCapableBeanFactory.java:600) ~[spring-beans-6.1.8.jar:6.1.8]
	at org.springframework.beans.factory.support.AbstractAutowireCapableBeanFactory.createBean(AbstractAutowireCapableBeanFactory.java:522) ~[spring-beans-6.1.8.jar:6.1.8]
	at org.springframework.beans.factory.support.AbstractBeanFactory.lambda$doGetBean$0(AbstractBeanFactory.java:337) ~[spring-beans-6.1.8.jar:6.1.8]
	at org.springframework.beans.factory.support.DefaultSingletonBeanRegistry.getSingleton(DefaultSingletonBeanRegistry.java:234) ~[spring-beans-6.1.8.jar:6.1.8]
	at org.springframework.beans.factory.support.AbstractBeanFactory.doGetBean(AbstractBeanFactory.java:335) ~[spring-beans-6.1.8.jar:6.1.8]
	at org.springframework.beans.factory.support.AbstractBeanFactory.getBean(AbstractBeanFactory.java:200) ~[spring-beans-6.1.8.jar:6.1.8]
	at org.springframework.beans.factory.support.AbstractBeanFactory.doGetBean(AbstractBeanFactory.java:313) ~[spring-beans-6.1.8.jar:6.1.8]
	... 15 common frames omitted
Caused by: org.springframework.jdbc.datasource.init.UncategorizedScriptException: Failed to execute database script
	at org.springframework.jdbc.datasource.init.DatabasePopulatorUtils.execute(DatabasePopulatorUtils.java:67) ~[spring-jdbc-6.1.8.jar:6.1.8]
	at org.springframework.boot.jdbc.init.DataSourceScriptDatabaseInitializer.runScripts(DataSourceScriptDatabaseInitializer.java:87) ~[spring-boot-3.3.0.jar:3.3.0]
	at org.springframework.boot.sql.init.AbstractScriptDatabaseInitializer.runScripts(AbstractScriptDatabaseInitializer.java:146) ~[spring-boot-3.3.0.jar:3.3.0]
	at org.springframework.boot.sql.init.AbstractScriptDatabaseInitializer.applyScripts(AbstractScriptDatabaseInitializer.java:108) ~[spring-boot-3.3.0.jar:3.3.0]
	at org.springframework.boot.sql.init.AbstractScriptDatabaseInitializer.applySchemaScripts(AbstractScriptDatabaseInitializer.java:98) ~[spring-boot-3.3.0.jar:3.3.0]
	at org.springframework.boot.sql.init.AbstractScriptDatabaseInitializer.initializeDatabase(AbstractScriptDatabaseInitializer.java:76) ~[spring-boot-3.3.0.jar:3.3.0]
	at org.springframework.boot.sql.init.AbstractScriptDatabaseInitializer.afterPropertiesSet(AbstractScriptDatabaseInitializer.java:66) ~[spring-boot-3.3.0.jar:3.3.0]
	at org.springframework.beans.factory.support.AbstractAutowireCapableBeanFactory.invokeInitMethods(AbstractAutowireCapableBeanFactory.java:1835) ~[spring-beans-6.1.8.jar:6.1.8]
	at org.springframework.beans.factory.support.AbstractAutowireCapableBeanFactory.initializeBean(AbstractAutowireCapableBeanFactory.java:1784) ~[spring-beans-6.1.8.jar:6.1.8]
	... 22 common frames omitted
Caused by: org.springframework.jdbc.CannotGetJdbcConnectionException: Failed to obtain JDBC Connection
	at org.springframework.jdbc.datasource.DataSourceUtils.getConnection(DataSourceUtils.java:84) ~[spring-jdbc-6.1.8.jar:6.1.8]
	at org.springframework.jdbc.datasource.init.DatabasePopulatorUtils.execute(DatabasePopulatorUtils.java:52) ~[spring-jdbc-6.1.8.jar:6.1.8]
	... 30 common frames omitted
Caused by: org.h2.jdbc.JdbcSQLNonTransientConnectionException: Database may be already in use: "W:/FSD_23-25/studente/ICTS23-25.484/Esercizi Java/Prj23_Countries/progetto_quiz/data/fileDb.mv.db". Possible solutions: close all other connection(s); use the server mode [90020-224]
	at org.h2.message.DbException.getJdbcSQLException(DbException.java:690) ~[h2-2.2.224.jar:2.2.224]
	at org.h2.message.DbException.getJdbcSQLException(DbException.java:489) ~[h2-2.2.224.jar:2.2.224]
	at org.h2.message.DbException.get(DbException.java:212) ~[h2-2.2.224.jar:2.2.224]
	at org.h2.mvstore.db.Store.convertMVStoreException(Store.java:165) ~[h2-2.2.224.jar:2.2.224]
	at org.h2.mvstore.db.Store.<init>(Store.java:142) ~[h2-2.2.224.jar:2.2.224]
	at org.h2.engine.Database.<init>(Database.java:326) ~[h2-2.2.224.jar:2.2.224]
	at org.h2.engine.Engine.openSession(Engine.java:92) ~[h2-2.2.224.jar:2.2.224]
	at org.h2.engine.Engine.openSession(Engine.java:222) ~[h2-2.2.224.jar:2.2.224]
	at org.h2.engine.Engine.createSession(Engine.java:201) ~[h2-2.2.224.jar:2.2.224]
	at org.h2.engine.SessionRemote.connectEmbeddedOrServer(SessionRemote.java:343) ~[h2-2.2.224.jar:2.2.224]
	at org.h2.jdbc.JdbcConnection.<init>(JdbcConnection.java:125) ~[h2-2.2.224.jar:2.2.224]
	at org.h2.Driver.connect(Driver.java:59) ~[h2-2.2.224.jar:2.2.224]
	at com.zaxxer.hikari.util.DriverDataSource.getConnection(DriverDataSource.java:137) ~[HikariCP-5.1.0.jar:na]
	at com.zaxxer.hikari.pool.PoolBase.newConnection(PoolBase.java:360) ~[HikariCP-5.1.0.jar:na]
	at com.zaxxer.hikari.pool.PoolBase.newPoolEntry(PoolBase.java:202) ~[HikariCP-5.1.0.jar:na]
	at com.zaxxer.hikari.pool.HikariPool.createPoolEntry(HikariPool.java:461) ~[HikariCP-5.1.0.jar:na]
	at com.zaxxer.hikari.pool.HikariPool.checkFailFast(HikariPool.java:550) ~[HikariCP-5.1.0.jar:na]
	at com.zaxxer.hikari.pool.HikariPool.<init>(HikariPool.java:98) ~[HikariCP-5.1.0.jar:na]
	at com.zaxxer.hikari.HikariDataSource.getConnection(HikariDataSource.java:111) ~[HikariCP-5.1.0.jar:na]
	at org.springframework.jdbc.datasource.DataSourceUtils.fetchConnection(DataSourceUtils.java:160) ~[spring-jdbc-6.1.8.jar:6.1.8]
	at org.springframework.jdbc.datasource.DataSourceUtils.doGetConnection(DataSourceUtils.java:118) ~[spring-jdbc-6.1.8.jar:6.1.8]
	at org.springframework.jdbc.datasource.DataSourceUtils.getConnection(DataSourceUtils.java:81) ~[spring-jdbc-6.1.8.jar:6.1.8]
	... 31 common frames omitted
Caused by: org.h2.mvstore.MVStoreException: The file is locked: W:/FSD_23-25/studente/ICTS23-25.484/Esercizi Java/Prj23_Countries/progetto_quiz/data/fileDb.mv.db [2.2.224/7]
	at org.h2.mvstore.DataUtils.newMVStoreException(DataUtils.java:996) ~[h2-2.2.224.jar:2.2.224]
	at org.h2.mvstore.SingleFileStore.lockFileChannel(SingleFileStore.java:143) ~[h2-2.2.224.jar:2.2.224]
	at org.h2.mvstore.SingleFileStore.open(SingleFileStore.java:117) ~[h2-2.2.224.jar:2.2.224]
	at org.h2.mvstore.SingleFileStore.open(SingleFileStore.java:81) ~[h2-2.2.224.jar:2.2.224]
	at org.h2.mvstore.MVStore.<init>(MVStore.java:286) ~[h2-2.2.224.jar:2.2.224]
	at org.h2.mvstore.MVStore$Builder.open(MVStore.java:2035) ~[h2-2.2.224.jar:2.2.224]
	at org.h2.mvstore.db.Store.<init>(Store.java:133) ~[h2-2.2.224.jar:2.2.224]
	... 48 common frames omitted

2024-07-19T09:56:02.052+02:00  12600 --- [progetto_quiz] [File Watcher] rtingClassPathChangeChangedEventListener : Restarting due to 807 class path changes (0 additions, 793 deletions, 14 modifications)
2024-07-19T09:56:02.063+02:00  12600 --- [progetto_quiz] [Thread-13] j.LocalContainerEntityManagerFactoryBean : Closing JPA EntityManagerFactory for persistence unit 'default'
2024-07-19T09:56:02.065+02:00  12600 --- [progetto_quiz] [Thread-13] com.zaxxer.hikari.HikariDataSource       : HikariPool-3 - Shutdown initiated...
2024-07-19T09:56:02.088+02:00  12600 --- [progetto_quiz] [Thread-13] com.zaxxer.hikari.HikariDataSource       : HikariPool-3 - Shutdown completed.
2024-07-19T10:03:21.031+02:00  22152 --- [progetto_quiz] [restartedMain] c.fedec.Prj21QuizCountriesApplication    : Starting Prj21QuizCountriesApplication using Java 17.0.7 with PID 22152 (W:\FSD_23-25\studente\ICTS23-25.484\Esercizi Java\Prj23_Countries\progetto_quiz\target\classes started by ICTS23-25.484 in W:\FSD_23-25\studente\ICTS23-25.484\Esercizi Java\Prj23_Countries\progetto_quiz)
2024-07-19T10:03:21.037+02:00  22152 --- [progetto_quiz] [restartedMain] c.fedec.Prj21QuizCountriesApplication    : No active profile set, falling back to 1 default profile: "default"
2024-07-19T10:03:21.136+02:00  22152 --- [progetto_quiz] [restartedMain] .e.DevToolsPropertyDefaultsPostProcessor : Devtools property defaults active! Set 'spring.devtools.add-properties' to 'false' to disable
2024-07-19T10:03:21.138+02:00  22152 --- [progetto_quiz] [restartedMain] .e.DevToolsPropertyDefaultsPostProcessor : For additional web related logging consider setting the 'logging.level.web' property to 'DEBUG'
2024-07-19T10:03:22.346+02:00  22152 --- [progetto_quiz] [restartedMain] .s.d.r.c.RepositoryConfigurationDelegate : Bootstrapping Spring Data JPA repositories in DEFAULT mode.
2024-07-19T10:03:22.452+02:00  22152 --- [progetto_quiz] [restartedMain] .s.d.r.c.RepositoryConfigurationDelegate : Finished Spring Data repository scanning in 91 ms. Found 2 JPA repository interfaces.
2024-07-19T10:03:23.797+02:00  22152 --- [progetto_quiz] [restartedMain] o.s.b.w.embedded.tomcat.TomcatWebServer  : Tomcat initialized with port 9092 (http)
2024-07-19T10:03:23.819+02:00  22152 --- [progetto_quiz] [restartedMain] o.apache.catalina.core.StandardService   : Starting service [Tomcat]
2024-07-19T10:03:23.820+02:00  22152 --- [progetto_quiz] [restartedMain] o.apache.catalina.core.StandardEngine    : Starting Servlet engine: [Apache Tomcat/10.1.24]
2024-07-19T10:03:23.910+02:00  22152 --- [progetto_quiz] [restartedMain] o.a.c.c.C.[Tomcat].[localhost].[/]       : Initializing Spring embedded WebApplicationContext
2024-07-19T10:03:23.911+02:00  22152 --- [progetto_quiz] [restartedMain] w.s.c.ServletWebServerApplicationContext : Root WebApplicationContext: initialization completed in 2769 ms
2024-07-19T10:03:23.957+02:00  22152 --- [progetto_quiz] [restartedMain] com.zaxxer.hikari.HikariDataSource       : HikariPool-1 - Starting...
2024-07-19T10:03:24.475+02:00  22152 --- [progetto_quiz] [restartedMain] com.zaxxer.hikari.pool.HikariPool        : HikariPool-1 - Added connection conn0: url=jdbc:h2:file:./data/fileDb user=FEDEC
2024-07-19T10:03:24.480+02:00  22152 --- [progetto_quiz] [restartedMain] com.zaxxer.hikari.HikariDataSource       : HikariPool-1 - Start completed.
2024-07-19T10:03:24.502+02:00  22152 --- [progetto_quiz] [restartedMain] o.s.b.a.h2.H2ConsoleAutoConfiguration    : H2 console available at '/h2'. Database available at 'jdbc:h2:file:./data/fileDb'
2024-07-19T10:03:24.957+02:00  22152 --- [progetto_quiz] [restartedMain] o.hibernate.jpa.internal.util.LogHelper  : HHH000204: Processing PersistenceUnitInfo [name: default]
2024-07-19T10:03:25.131+02:00  22152 --- [progetto_quiz] [restartedMain] org.hibernate.Version                    : HHH000412: Hibernate ORM core version 6.5.2.Final
2024-07-19T10:03:25.262+02:00  22152 --- [progetto_quiz] [restartedMain] o.h.c.internal.RegionFactoryInitiator    : HHH000026: Second-level cache disabled
2024-07-19T10:03:26.098+02:00  22152 --- [progetto_quiz] [restartedMain] o.s.o.j.p.SpringPersistenceUnitInfo      : No LoadTimeWeaver setup: ignoring JPA class transformer
2024-07-19T10:03:26.209+02:00  22152 --- [progetto_quiz] [restartedMain] org.hibernate.orm.deprecation            : HHH90000025: H2Dialect does not need to be specified explicitly using 'hibernate.dialect' (remove the property setting and it will be selected by default)
2024-07-19T10:03:27.982+02:00  22152 --- [progetto_quiz] [restartedMain] o.h.e.t.j.p.i.JtaPlatformInitiator       : HHH000489: No JTA platform available (set 'hibernate.transaction.jta.platform' to enable JTA platform integration)
2024-07-19T10:03:27.989+02:00  22152 --- [progetto_quiz] [restartedMain] j.LocalContainerEntityManagerFactoryBean : Initialized JPA EntityManagerFactory for persistence unit 'default'
2024-07-19T10:03:28.669+02:00  22152 --- [progetto_quiz] [restartedMain] JpaBaseConfiguration$JpaWebConfiguration : spring.jpa.open-in-view is enabled by default. Therefore, database queries may be performed during view rendering. Explicitly configure spring.jpa.open-in-view to disable this warning
2024-07-19T10:03:28.706+02:00  22152 --- [progetto_quiz] [restartedMain] o.s.b.a.w.s.WelcomePageHandlerMapping    : Adding welcome page: class path resource [static/index.html]
2024-07-19T10:03:29.163+02:00  22152 --- [progetto_quiz] [restartedMain] ion$DefaultTemplateResolverConfiguration : Cannot find template location: classpath:/templates/ (please add some templates, check your Thymeleaf configuration, or set spring.thymeleaf.check-template-location=false)
2024-07-19T10:03:29.825+02:00  22152 --- [progetto_quiz] [restartedMain] o.s.b.d.a.OptionalLiveReloadServer       : LiveReload server is running on port 35729
2024-07-19T10:03:29.903+02:00  22152 --- [progetto_quiz] [restartedMain] o.s.b.w.embedded.tomcat.TomcatWebServer  : Tomcat started on port 9092 (http) with context path '/'
2024-07-19T10:03:29.916+02:00  22152 --- [progetto_quiz] [restartedMain] c.fedec.Prj21QuizCountriesApplication    : Started Prj21QuizCountriesApplication in 9.66 seconds (process running for 10.472)
2024-07-19T10:03:35.712+02:00  22152 --- [progetto_quiz] [http-nio-9092-exec-1] o.a.c.c.C.[Tomcat].[localhost].[/]       : Initializing Spring DispatcherServlet 'dispatcherServlet'
2024-07-19T10:03:35.713+02:00  22152 --- [progetto_quiz] [http-nio-9092-exec-1] o.s.web.servlet.DispatcherServlet        : Initializing Servlet 'dispatcherServlet'
2024-07-19T10:03:35.715+02:00  22152 --- [progetto_quiz] [http-nio-9092-exec-1] o.s.web.servlet.DispatcherServlet        : Completed initialization in 2 ms
2024-07-19T10:13:08.860+02:00  22152 --- [progetto_quiz] [RMI TCP Connection(20)-127.0.0.1] inMXBeanRegistrar$SpringApplicationAdmin : Application shutdown requested.
2024-07-19T10:13:08.879+02:00  22152 --- [progetto_quiz] [RMI TCP Connection(20)-127.0.0.1] j.LocalContainerEntityManagerFactoryBean : Closing JPA EntityManagerFactory for persistence unit 'default'
2024-07-19T10:13:08.885+02:00  22152 --- [progetto_quiz] [RMI TCP Connection(20)-127.0.0.1] com.zaxxer.hikari.HikariDataSource       : HikariPool-1 - Shutdown initiated...
2024-07-19T10:13:09.110+02:00  22152 --- [progetto_quiz] [RMI TCP Connection(20)-127.0.0.1] com.zaxxer.hikari.HikariDataSource       : HikariPool-1 - Shutdown completed.
2024-07-19T10:13:12.509+02:00  23732 --- [progetto_quiz] [restartedMain] c.fedec.Prj21QuizCountriesApplication    : Starting Prj21QuizCountriesApplication using Java 17.0.7 with PID 23732 (W:\FSD_23-25\studente\ICTS23-25.484\Esercizi Java\Prj23_Countries\progetto_quiz\target\classes started by ICTS23-25.484 in W:\FSD_23-25\studente\ICTS23-25.484\Esercizi Java\Prj23_Countries\progetto_quiz)
2024-07-19T10:13:12.516+02:00  23732 --- [progetto_quiz] [restartedMain] c.fedec.Prj21QuizCountriesApplication    : No active profile set, falling back to 1 default profile: "default"
2024-07-19T10:13:12.603+02:00  23732 --- [progetto_quiz] [restartedMain] .e.DevToolsPropertyDefaultsPostProcessor : Devtools property defaults active! Set 'spring.devtools.add-properties' to 'false' to disable
2024-07-19T10:13:12.605+02:00  23732 --- [progetto_quiz] [restartedMain] .e.DevToolsPropertyDefaultsPostProcessor : For additional web related logging consider setting the 'logging.level.web' property to 'DEBUG'
2024-07-19T10:13:13.756+02:00  23732 --- [progetto_quiz] [restartedMain] .s.d.r.c.RepositoryConfigurationDelegate : Bootstrapping Spring Data JPA repositories in DEFAULT mode.
2024-07-19T10:13:13.852+02:00  23732 --- [progetto_quiz] [restartedMain] .s.d.r.c.RepositoryConfigurationDelegate : Finished Spring Data repository scanning in 79 ms. Found 2 JPA repository interfaces.
2024-07-19T10:13:15.244+02:00  23732 --- [progetto_quiz] [restartedMain] o.s.b.w.embedded.tomcat.TomcatWebServer  : Tomcat initialized with port 9092 (http)
2024-07-19T10:13:15.266+02:00  23732 --- [progetto_quiz] [restartedMain] o.apache.catalina.core.StandardService   : Starting service [Tomcat]
2024-07-19T10:13:15.267+02:00  23732 --- [progetto_quiz] [restartedMain] o.apache.catalina.core.StandardEngine    : Starting Servlet engine: [Apache Tomcat/10.1.24]
2024-07-19T10:13:15.358+02:00  23732 --- [progetto_quiz] [restartedMain] o.a.c.c.C.[Tomcat].[localhost].[/]       : Initializing Spring embedded WebApplicationContext
2024-07-19T10:13:15.359+02:00  23732 --- [progetto_quiz] [restartedMain] w.s.c.ServletWebServerApplicationContext : Root WebApplicationContext: initialization completed in 2752 ms
2024-07-19T10:13:15.405+02:00  23732 --- [progetto_quiz] [restartedMain] com.zaxxer.hikari.HikariDataSource       : HikariPool-1 - Starting...
2024-07-19T10:13:15.898+02:00  23732 --- [progetto_quiz] [restartedMain] com.zaxxer.hikari.pool.HikariPool        : HikariPool-1 - Added connection conn0: url=jdbc:h2:file:./data/fileDb user=FEDEC
2024-07-19T10:13:15.902+02:00  23732 --- [progetto_quiz] [restartedMain] com.zaxxer.hikari.HikariDataSource       : HikariPool-1 - Start completed.
2024-07-19T10:13:15.920+02:00  23732 --- [progetto_quiz] [restartedMain] o.s.b.a.h2.H2ConsoleAutoConfiguration    : H2 console available at '/h2'. Database available at 'jdbc:h2:file:./data/fileDb'
2024-07-19T10:13:16.395+02:00  23732 --- [progetto_quiz] [restartedMain] o.hibernate.jpa.internal.util.LogHelper  : HHH000204: Processing PersistenceUnitInfo [name: default]
2024-07-19T10:13:16.567+02:00  23732 --- [progetto_quiz] [restartedMain] org.hibernate.Version                    : HHH000412: Hibernate ORM core version 6.5.2.Final
2024-07-19T10:13:16.647+02:00  23732 --- [progetto_quiz] [restartedMain] o.h.c.internal.RegionFactoryInitiator    : HHH000026: Second-level cache disabled
2024-07-19T10:13:17.336+02:00  23732 --- [progetto_quiz] [restartedMain] o.s.o.j.p.SpringPersistenceUnitInfo      : No LoadTimeWeaver setup: ignoring JPA class transformer
2024-07-19T10:13:17.440+02:00  23732 --- [progetto_quiz] [restartedMain] org.hibernate.orm.deprecation            : HHH90000025: H2Dialect does not need to be specified explicitly using 'hibernate.dialect' (remove the property setting and it will be selected by default)
2024-07-19T10:13:19.122+02:00  23732 --- [progetto_quiz] [restartedMain] o.h.e.t.j.p.i.JtaPlatformInitiator       : HHH000489: No JTA platform available (set 'hibernate.transaction.jta.platform' to enable JTA platform integration)
2024-07-19T10:13:19.134+02:00  23732 --- [progetto_quiz] [restartedMain] j.LocalContainerEntityManagerFactoryBean : Initialized JPA EntityManagerFactory for persistence unit 'default'
2024-07-19T10:13:19.804+02:00  23732 --- [progetto_quiz] [restartedMain] JpaBaseConfiguration$JpaWebConfiguration : spring.jpa.open-in-view is enabled by default. Therefore, database queries may be performed during view rendering. Explicitly configure spring.jpa.open-in-view to disable this warning
2024-07-19T10:13:19.840+02:00  23732 --- [progetto_quiz] [restartedMain] o.s.b.a.w.s.WelcomePageHandlerMapping    : Adding welcome page: class path resource [static/index.html]
2024-07-19T10:13:20.313+02:00  23732 --- [progetto_quiz] [restartedMain] ion$DefaultTemplateResolverConfiguration : Cannot find template location: classpath:/templates/ (please add some templates, check your Thymeleaf configuration, or set spring.thymeleaf.check-template-location=false)
2024-07-19T10:13:20.967+02:00  23732 --- [progetto_quiz] [restartedMain] o.s.b.d.a.OptionalLiveReloadServer       : LiveReload server is running on port 35729
2024-07-19T10:13:21.019+02:00  23732 --- [progetto_quiz] [restartedMain] o.s.b.w.embedded.tomcat.TomcatWebServer  : Tomcat started on port 9092 (http) with context path '/'
2024-07-19T10:13:21.034+02:00  23732 --- [progetto_quiz] [restartedMain] c.fedec.Prj21QuizCountriesApplication    : Started Prj21QuizCountriesApplication in 9.312 seconds (process running for 10.229)
2024-07-19T10:13:26.370+02:00  23732 --- [progetto_quiz] [http-nio-9092-exec-1] o.a.c.c.C.[Tomcat].[localhost].[/]       : Initializing Spring DispatcherServlet 'dispatcherServlet'
2024-07-19T10:13:26.370+02:00  23732 --- [progetto_quiz] [http-nio-9092-exec-1] o.s.web.servlet.DispatcherServlet        : Initializing Servlet 'dispatcherServlet'
2024-07-19T10:13:26.372+02:00  23732 --- [progetto_quiz] [http-nio-9092-exec-1] o.s.web.servlet.DispatcherServlet        : Completed initialization in 1 ms
2024-07-19T10:25:59.586+02:00  23732 --- [progetto_quiz] [RMI TCP Connection(21)-127.0.0.1] inMXBeanRegistrar$SpringApplicationAdmin : Application shutdown requested.
2024-07-19T10:25:59.616+02:00  23732 --- [progetto_quiz] [RMI TCP Connection(21)-127.0.0.1] j.LocalContainerEntityManagerFactoryBean : Closing JPA EntityManagerFactory for persistence unit 'default'
2024-07-19T10:25:59.621+02:00  23732 --- [progetto_quiz] [RMI TCP Connection(21)-127.0.0.1] com.zaxxer.hikari.HikariDataSource       : HikariPool-1 - Shutdown initiated...
2024-07-19T10:25:59.658+02:00  23732 --- [progetto_quiz] [RMI TCP Connection(21)-127.0.0.1] com.zaxxer.hikari.HikariDataSource       : HikariPool-1 - Shutdown completed.
2024-07-19T10:26:28.045+02:00  15032 --- [progetto_quiz] [restartedMain] c.fedec.Prj21QuizCountriesApplication    : Starting Prj21QuizCountriesApplication using Java 17.0.7 with PID 15032 (W:\FSD_23-25\studente\ICTS23-25.484\Esercizi Java\Prj23_Countries\progetto_quiz\target\classes started by ICTS23-25.484 in W:\FSD_23-25\studente\ICTS23-25.484\Esercizi Java\Prj23_Countries\progetto_quiz)
2024-07-19T10:26:28.051+02:00  15032 --- [progetto_quiz] [restartedMain] c.fedec.Prj21QuizCountriesApplication    : No active profile set, falling back to 1 default profile: "default"
2024-07-19T10:26:28.152+02:00  15032 --- [progetto_quiz] [restartedMain] .e.DevToolsPropertyDefaultsPostProcessor : Devtools property defaults active! Set 'spring.devtools.add-properties' to 'false' to disable
2024-07-19T10:26:28.154+02:00  15032 --- [progetto_quiz] [restartedMain] .e.DevToolsPropertyDefaultsPostProcessor : For additional web related logging consider setting the 'logging.level.web' property to 'DEBUG'
2024-07-19T10:26:29.517+02:00  15032 --- [progetto_quiz] [restartedMain] .s.d.r.c.RepositoryConfigurationDelegate : Bootstrapping Spring Data JPA repositories in DEFAULT mode.
2024-07-19T10:26:29.636+02:00  15032 --- [progetto_quiz] [restartedMain] .s.d.r.c.RepositoryConfigurationDelegate : Finished Spring Data repository scanning in 101 ms. Found 2 JPA repository interfaces.
2024-07-19T10:26:31.175+02:00  15032 --- [progetto_quiz] [restartedMain] o.s.b.w.embedded.tomcat.TomcatWebServer  : Tomcat initialized with port 9092 (http)
2024-07-19T10:26:31.204+02:00  15032 --- [progetto_quiz] [restartedMain] o.apache.catalina.core.StandardService   : Starting service [Tomcat]
2024-07-19T10:26:31.205+02:00  15032 --- [progetto_quiz] [restartedMain] o.apache.catalina.core.StandardEngine    : Starting Servlet engine: [Apache Tomcat/10.1.24]
2024-07-19T10:26:31.302+02:00  15032 --- [progetto_quiz] [restartedMain] o.a.c.c.C.[Tomcat].[localhost].[/]       : Initializing Spring embedded WebApplicationContext
2024-07-19T10:26:31.304+02:00  15032 --- [progetto_quiz] [restartedMain] w.s.c.ServletWebServerApplicationContext : Root WebApplicationContext: initialization completed in 3147 ms
2024-07-19T10:26:31.355+02:00  15032 --- [progetto_quiz] [restartedMain] com.zaxxer.hikari.HikariDataSource       : HikariPool-1 - Starting...
2024-07-19T10:26:31.975+02:00  15032 --- [progetto_quiz] [restartedMain] com.zaxxer.hikari.pool.HikariPool        : HikariPool-1 - Added connection conn0: url=jdbc:h2:file:./data/fileDb user=FEDEC
2024-07-19T10:26:31.981+02:00  15032 --- [progetto_quiz] [restartedMain] com.zaxxer.hikari.HikariDataSource       : HikariPool-1 - Start completed.
2024-07-19T10:26:32.003+02:00  15032 --- [progetto_quiz] [restartedMain] o.s.b.a.h2.H2ConsoleAutoConfiguration    : H2 console available at '/h2'. Database available at 'jdbc:h2:file:./data/fileDb'
2024-07-19T10:26:32.495+02:00  15032 --- [progetto_quiz] [restartedMain] o.hibernate.jpa.internal.util.LogHelper  : HHH000204: Processing PersistenceUnitInfo [name: default]
2024-07-19T10:26:32.679+02:00  15032 --- [progetto_quiz] [restartedMain] org.hibernate.Version                    : HHH000412: Hibernate ORM core version 6.5.2.Final
2024-07-19T10:26:32.778+02:00  15032 --- [progetto_quiz] [restartedMain] o.h.c.internal.RegionFactoryInitiator    : HHH000026: Second-level cache disabled
2024-07-19T10:26:33.551+02:00  15032 --- [progetto_quiz] [restartedMain] o.s.o.j.p.SpringPersistenceUnitInfo      : No LoadTimeWeaver setup: ignoring JPA class transformer
2024-07-19T10:26:33.676+02:00  15032 --- [progetto_quiz] [restartedMain] org.hibernate.orm.deprecation            : HHH90000025: H2Dialect does not need to be specified explicitly using 'hibernate.dialect' (remove the property setting and it will be selected by default)
2024-07-19T10:26:35.461+02:00  15032 --- [progetto_quiz] [restartedMain] o.h.e.t.j.p.i.JtaPlatformInitiator       : HHH000489: No JTA platform available (set 'hibernate.transaction.jta.platform' to enable JTA platform integration)
2024-07-19T10:26:35.468+02:00  15032 --- [progetto_quiz] [restartedMain] j.LocalContainerEntityManagerFactoryBean : Initialized JPA EntityManagerFactory for persistence unit 'default'
2024-07-19T10:26:36.162+02:00  15032 --- [progetto_quiz] [restartedMain] JpaBaseConfiguration$JpaWebConfiguration : spring.jpa.open-in-view is enabled by default. Therefore, database queries may be performed during view rendering. Explicitly configure spring.jpa.open-in-view to disable this warning
2024-07-19T10:26:36.198+02:00  15032 --- [progetto_quiz] [restartedMain] o.s.b.a.w.s.WelcomePageHandlerMapping    : Adding welcome page: class path resource [static/index.html]
2024-07-19T10:26:36.675+02:00  15032 --- [progetto_quiz] [restartedMain] ion$DefaultTemplateResolverConfiguration : Cannot find template location: classpath:/templates/ (please add some templates, check your Thymeleaf configuration, or set spring.thymeleaf.check-template-location=false)
2024-07-19T10:26:37.327+02:00  15032 --- [progetto_quiz] [restartedMain] o.s.b.d.a.OptionalLiveReloadServer       : LiveReload server is running on port 35729
2024-07-19T10:26:37.375+02:00  15032 --- [progetto_quiz] [restartedMain] o.s.b.w.embedded.tomcat.TomcatWebServer  : Tomcat started on port 9092 (http) with context path '/'
2024-07-19T10:26:37.388+02:00  15032 --- [progetto_quiz] [restartedMain] c.fedec.Prj21QuizCountriesApplication    : Started Prj21QuizCountriesApplication in 10.308 seconds (process running for 11.355)
2024-07-19T10:26:46.301+02:00  15032 --- [progetto_quiz] [http-nio-9092-exec-1] o.a.c.c.C.[Tomcat].[localhost].[/]       : Initializing Spring DispatcherServlet 'dispatcherServlet'
2024-07-19T10:26:46.302+02:00  15032 --- [progetto_quiz] [http-nio-9092-exec-1] o.s.web.servlet.DispatcherServlet        : Initializing Servlet 'dispatcherServlet'
2024-07-19T10:26:46.308+02:00  15032 --- [progetto_quiz] [http-nio-9092-exec-1] o.s.web.servlet.DispatcherServlet        : Completed initialization in 2 ms
